   1              		.cpu arm7tdmi
   2              		.fpu softvfp
   3              		.eabi_attribute 20, 1
   4              		.eabi_attribute 21, 1
   5              		.eabi_attribute 23, 3
   6              		.eabi_attribute 24, 1
   7              		.eabi_attribute 25, 1
   8              		.eabi_attribute 26, 1
   9              		.eabi_attribute 30, 6
  10              		.eabi_attribute 18, 4
  11              		.file	"led.c"
  21              	.Ltext0:
  22              		.file 1 "../led.c"
 1874              		.align	2
 1875              	led_state:
 1876 0000 00000000 		.space	4
 1877              		.text
 1878              		.align	2
 1879              		.global	leds_on
 1881              	leds_on:
 1882              	.LFB0:
   1:../led.c      **** /*********************************************************************************************
   2:../led.c      **** * Fichero:		led.c
   3:../led.c      **** * Autor:
   4:../led.c      **** * Descrip:		funciones de control de los LED de la placa
   5:../led.c      **** * Version:
   6:../led.c      **** *********************************************************************************************/
   7:../led.c      **** 
   8:../led.c      **** /*--- ficheros de cabecera ---*/
   9:../led.c      **** #include "44b.h"
  10:../led.c      **** #include "44blib.h"
  11:../led.c      **** 
  12:../led.c      **** /*--- variables globales ---*/
  13:../led.c      **** static int led_state;							// estado del LED
  14:../led.c      **** 
  15:../led.c      **** /*--- declaracion de funciones ---*/
  16:../led.c      **** void leds_on();							// todos los leds encendidos
  17:../led.c      **** void leds_off();						// todos los leds apagados
  18:../led.c      **** void led1_on();							// led 1 encendido
  19:../led.c      **** void led1_off();						// led 1 apagado
  20:../led.c      **** void led2_on();							// led 2 encendido
  21:../led.c      **** void led2_off();						// led 2 apagado
  22:../led.c      **** void leds_switch();						// invierte el valor de los leds
  23:../led.c      **** void Led_Display(int LedStatus);		// control directo del LED
  24:../led.c      **** 
  25:../led.c      **** /*--- codigo de las funciones ---*/
  26:../led.c      **** void leds_on()
  27:../led.c      **** {
 1883              		.loc 1 27 0
 1884              		.cfi_startproc
 1885              		@ Function supports interworking.
 1886              		@ args = 0, pretend = 0, frame = 0
 1887              		@ frame_needed = 1, uses_anonymous_args = 0
 1888 0000 0DC0A0E1 		mov	ip, sp
 1889              	.LCFI0:
 1890              		.cfi_def_cfa_register 12
 1891 0004 00D82DE9 		stmfd	sp!, {fp, ip, lr, pc}
 1892 0008 04B04CE2 		sub	fp, ip, #4
 1893              		.cfi_offset 14, -8
 1894              		.cfi_offset 13, -12
 1895              		.cfi_offset 11, -16
 1896              	.LCFI1:
 1897              		.cfi_def_cfa 11, 4
  28:../led.c      **** 	Led_Display(0x3);
 1898              		.loc 1 28 0
 1899 000c 0300A0E3 		mov	r0, #3
 1900 0010 FEFFFFEB 		bl	Led_Display
  29:../led.c      **** }
 1901              		.loc 1 29 0
 1902 0014 0CD04BE2 		sub	sp, fp, #12
 1903 0018 00689DE8 		ldmfd	sp, {fp, sp, lr}
 1904 001c 1EFF2FE1 		bx	lr
 1905              		.cfi_endproc
 1906              	.LFE0:
 1908              		.align	2
 1909              		.global	leds_off
 1911              	leds_off:
 1912              	.LFB1:
  30:../led.c      **** 
  31:../led.c      **** void leds_off()
  32:../led.c      **** {
 1913              		.loc 1 32 0
 1914              		.cfi_startproc
 1915              		@ Function supports interworking.
 1916              		@ args = 0, pretend = 0, frame = 0
 1917              		@ frame_needed = 1, uses_anonymous_args = 0
 1918 0020 0DC0A0E1 		mov	ip, sp
 1919              	.LCFI2:
 1920              		.cfi_def_cfa_register 12
 1921 0024 00D82DE9 		stmfd	sp!, {fp, ip, lr, pc}
 1922 0028 04B04CE2 		sub	fp, ip, #4
 1923              		.cfi_offset 14, -8
 1924              		.cfi_offset 13, -12
 1925              		.cfi_offset 11, -16
 1926              	.LCFI3:
 1927              		.cfi_def_cfa 11, 4
  33:../led.c      **** 	Led_Display(0x0);
 1928              		.loc 1 33 0
 1929 002c 0000A0E3 		mov	r0, #0
 1930 0030 FEFFFFEB 		bl	Led_Display
  34:../led.c      **** }
 1931              		.loc 1 34 0
 1932 0034 0CD04BE2 		sub	sp, fp, #12
 1933 0038 00689DE8 		ldmfd	sp, {fp, sp, lr}
 1934 003c 1EFF2FE1 		bx	lr
 1935              		.cfi_endproc
 1936              	.LFE1:
 1938              		.align	2
 1939              		.global	led1_on
 1941              	led1_on:
 1942              	.LFB2:
  35:../led.c      **** 
  36:../led.c      **** void led1_on()
  37:../led.c      **** {
 1943              		.loc 1 37 0
 1944              		.cfi_startproc
 1945              		@ Function supports interworking.
 1946              		@ args = 0, pretend = 0, frame = 0
 1947              		@ frame_needed = 1, uses_anonymous_args = 0
 1948 0040 0DC0A0E1 		mov	ip, sp
 1949              	.LCFI4:
 1950              		.cfi_def_cfa_register 12
 1951 0044 00D82DE9 		stmfd	sp!, {fp, ip, lr, pc}
 1952 0048 04B04CE2 		sub	fp, ip, #4
 1953              		.cfi_offset 14, -8
 1954              		.cfi_offset 13, -12
 1955              		.cfi_offset 11, -16
 1956              	.LCFI5:
 1957              		.cfi_def_cfa 11, 4
  38:../led.c      **** 	led_state = led_state | 0x1;
 1958              		.loc 1 38 0
 1959 004c 28309FE5 		ldr	r3, .L4
 1960 0050 003093E5 		ldr	r3, [r3, #0]
 1961 0054 012083E3 		orr	r2, r3, #1
 1962 0058 1C309FE5 		ldr	r3, .L4
 1963 005c 002083E5 		str	r2, [r3, #0]
  39:../led.c      **** 	Led_Display(led_state);
 1964              		.loc 1 39 0
 1965 0060 14309FE5 		ldr	r3, .L4
 1966 0064 003093E5 		ldr	r3, [r3, #0]
 1967 0068 0300A0E1 		mov	r0, r3
 1968 006c FEFFFFEB 		bl	Led_Display
  40:../led.c      **** }
 1969              		.loc 1 40 0
 1970 0070 0CD04BE2 		sub	sp, fp, #12
 1971 0074 00689DE8 		ldmfd	sp, {fp, sp, lr}
 1972 0078 1EFF2FE1 		bx	lr
 1973              	.L5:
 1974              		.align	2
 1975              	.L4:
 1976 007c 00000000 		.word	led_state
 1977              		.cfi_endproc
 1978              	.LFE2:
 1980              		.align	2
 1981              		.global	led1_off
 1983              	led1_off:
 1984              	.LFB3:
  41:../led.c      **** 
  42:../led.c      **** void led1_off()
  43:../led.c      **** {
 1985              		.loc 1 43 0
 1986              		.cfi_startproc
 1987              		@ Function supports interworking.
 1988              		@ args = 0, pretend = 0, frame = 0
 1989              		@ frame_needed = 1, uses_anonymous_args = 0
 1990 0080 0DC0A0E1 		mov	ip, sp
 1991              	.LCFI6:
 1992              		.cfi_def_cfa_register 12
 1993 0084 00D82DE9 		stmfd	sp!, {fp, ip, lr, pc}
 1994 0088 04B04CE2 		sub	fp, ip, #4
 1995              		.cfi_offset 14, -8
 1996              		.cfi_offset 13, -12
 1997              		.cfi_offset 11, -16
 1998              	.LCFI7:
 1999              		.cfi_def_cfa 11, 4
  44:../led.c      **** 	led_state = led_state & 0xfe;
 2000              		.loc 1 44 0
 2001 008c 28309FE5 		ldr	r3, .L7
 2002 0090 003093E5 		ldr	r3, [r3, #0]
 2003 0094 FE2003E2 		and	r2, r3, #254
 2004 0098 1C309FE5 		ldr	r3, .L7
 2005 009c 002083E5 		str	r2, [r3, #0]
  45:../led.c      **** 	Led_Display(led_state);
 2006              		.loc 1 45 0
 2007 00a0 14309FE5 		ldr	r3, .L7
 2008 00a4 003093E5 		ldr	r3, [r3, #0]
 2009 00a8 0300A0E1 		mov	r0, r3
 2010 00ac FEFFFFEB 		bl	Led_Display
  46:../led.c      **** }
 2011              		.loc 1 46 0
 2012 00b0 0CD04BE2 		sub	sp, fp, #12
 2013 00b4 00689DE8 		ldmfd	sp, {fp, sp, lr}
 2014 00b8 1EFF2FE1 		bx	lr
 2015              	.L8:
 2016              		.align	2
 2017              	.L7:
 2018 00bc 00000000 		.word	led_state
 2019              		.cfi_endproc
 2020              	.LFE3:
 2022              		.align	2
 2023              		.global	led2_on
 2025              	led2_on:
 2026              	.LFB4:
  47:../led.c      **** 
  48:../led.c      **** void led2_on()
  49:../led.c      **** {
 2027              		.loc 1 49 0
 2028              		.cfi_startproc
 2029              		@ Function supports interworking.
 2030              		@ args = 0, pretend = 0, frame = 0
 2031              		@ frame_needed = 1, uses_anonymous_args = 0
 2032 00c0 0DC0A0E1 		mov	ip, sp
 2033              	.LCFI8:
 2034              		.cfi_def_cfa_register 12
 2035 00c4 00D82DE9 		stmfd	sp!, {fp, ip, lr, pc}
 2036 00c8 04B04CE2 		sub	fp, ip, #4
 2037              		.cfi_offset 14, -8
 2038              		.cfi_offset 13, -12
 2039              		.cfi_offset 11, -16
 2040              	.LCFI9:
 2041              		.cfi_def_cfa 11, 4
  50:../led.c      **** 	led_state = led_state | 0x2;
 2042              		.loc 1 50 0
 2043 00cc 28309FE5 		ldr	r3, .L10
 2044 00d0 003093E5 		ldr	r3, [r3, #0]
 2045 00d4 022083E3 		orr	r2, r3, #2
 2046 00d8 1C309FE5 		ldr	r3, .L10
 2047 00dc 002083E5 		str	r2, [r3, #0]
  51:../led.c      **** 	Led_Display(led_state);
 2048              		.loc 1 51 0
 2049 00e0 14309FE5 		ldr	r3, .L10
 2050 00e4 003093E5 		ldr	r3, [r3, #0]
 2051 00e8 0300A0E1 		mov	r0, r3
 2052 00ec FEFFFFEB 		bl	Led_Display
  52:../led.c      **** }
 2053              		.loc 1 52 0
 2054 00f0 0CD04BE2 		sub	sp, fp, #12
 2055 00f4 00689DE8 		ldmfd	sp, {fp, sp, lr}
 2056 00f8 1EFF2FE1 		bx	lr
 2057              	.L11:
 2058              		.align	2
 2059              	.L10:
 2060 00fc 00000000 		.word	led_state
 2061              		.cfi_endproc
 2062              	.LFE4:
 2064              		.align	2
 2065              		.global	led2_off
 2067              	led2_off:
 2068              	.LFB5:
  53:../led.c      **** 
  54:../led.c      **** void led2_off()
  55:../led.c      **** {
 2069              		.loc 1 55 0
 2070              		.cfi_startproc
 2071              		@ Function supports interworking.
 2072              		@ args = 0, pretend = 0, frame = 0
 2073              		@ frame_needed = 1, uses_anonymous_args = 0
 2074 0100 0DC0A0E1 		mov	ip, sp
 2075              	.LCFI10:
 2076              		.cfi_def_cfa_register 12
 2077 0104 00D82DE9 		stmfd	sp!, {fp, ip, lr, pc}
 2078 0108 04B04CE2 		sub	fp, ip, #4
 2079              		.cfi_offset 14, -8
 2080              		.cfi_offset 13, -12
 2081              		.cfi_offset 11, -16
 2082              	.LCFI11:
 2083              		.cfi_def_cfa 11, 4
  56:../led.c      **** 	led_state = led_state & 0xfd;
 2084              		.loc 1 56 0
 2085 010c 28309FE5 		ldr	r3, .L13
 2086 0110 003093E5 		ldr	r3, [r3, #0]
 2087 0114 FD2003E2 		and	r2, r3, #253
 2088 0118 1C309FE5 		ldr	r3, .L13
 2089 011c 002083E5 		str	r2, [r3, #0]
  57:../led.c      **** 	Led_Display(led_state);
 2090              		.loc 1 57 0
 2091 0120 14309FE5 		ldr	r3, .L13
 2092 0124 003093E5 		ldr	r3, [r3, #0]
 2093 0128 0300A0E1 		mov	r0, r3
 2094 012c FEFFFFEB 		bl	Led_Display
  58:../led.c      **** }
 2095              		.loc 1 58 0
 2096 0130 0CD04BE2 		sub	sp, fp, #12
 2097 0134 00689DE8 		ldmfd	sp, {fp, sp, lr}
 2098 0138 1EFF2FE1 		bx	lr
 2099              	.L14:
 2100              		.align	2
 2101              	.L13:
 2102 013c 00000000 		.word	led_state
 2103              		.cfi_endproc
 2104              	.LFE5:
 2106              		.align	2
 2107              		.global	leds_switch
 2109              	leds_switch:
 2110              	.LFB6:
  59:../led.c      **** 
  60:../led.c      **** void leds_switch()
  61:../led.c      **** {
 2111              		.loc 1 61 0
 2112              		.cfi_startproc
 2113              		@ Function supports interworking.
 2114              		@ args = 0, pretend = 0, frame = 0
 2115              		@ frame_needed = 1, uses_anonymous_args = 0
 2116 0140 0DC0A0E1 		mov	ip, sp
 2117              	.LCFI12:
 2118              		.cfi_def_cfa_register 12
 2119 0144 00D82DE9 		stmfd	sp!, {fp, ip, lr, pc}
 2120 0148 04B04CE2 		sub	fp, ip, #4
 2121              		.cfi_offset 14, -8
 2122              		.cfi_offset 13, -12
 2123              		.cfi_offset 11, -16
 2124              	.LCFI13:
 2125              		.cfi_def_cfa 11, 4
  62:../led.c      **** 	led_state ^= 0x03;
 2126              		.loc 1 62 0
 2127 014c 28309FE5 		ldr	r3, .L16
 2128 0150 003093E5 		ldr	r3, [r3, #0]
 2129 0154 032023E2 		eor	r2, r3, #3
 2130 0158 1C309FE5 		ldr	r3, .L16
 2131 015c 002083E5 		str	r2, [r3, #0]
  63:../led.c      **** 	Led_Display(led_state);
 2132              		.loc 1 63 0
 2133 0160 14309FE5 		ldr	r3, .L16
 2134 0164 003093E5 		ldr	r3, [r3, #0]
 2135 0168 0300A0E1 		mov	r0, r3
 2136 016c FEFFFFEB 		bl	Led_Display
  64:../led.c      **** 
  65:../led.c      **** }
 2137              		.loc 1 65 0
 2138 0170 0CD04BE2 		sub	sp, fp, #12
 2139 0174 00689DE8 		ldmfd	sp, {fp, sp, lr}
 2140 0178 1EFF2FE1 		bx	lr
 2141              	.L17:
 2142              		.align	2
 2143              	.L16:
 2144 017c 00000000 		.word	led_state
 2145              		.cfi_endproc
 2146              	.LFE6:
 2148              		.align	2
 2149              		.global	Led_Display
 2151              	Led_Display:
 2152              	.LFB7:
  66:../led.c      **** 
  67:../led.c      **** void Led_Display(int LedStatus)
  68:../led.c      **** {
 2153              		.loc 1 68 0
 2154              		.cfi_startproc
 2155              		@ Function supports interworking.
 2156              		@ args = 0, pretend = 0, frame = 8
 2157              		@ frame_needed = 1, uses_anonymous_args = 0
 2158 0180 0DC0A0E1 		mov	ip, sp
 2159              	.LCFI14:
 2160              		.cfi_def_cfa_register 12
 2161 0184 00D82DE9 		stmfd	sp!, {fp, ip, lr, pc}
 2162 0188 04B04CE2 		sub	fp, ip, #4
 2163              		.cfi_offset 14, -8
 2164              		.cfi_offset 13, -12
 2165              		.cfi_offset 11, -16
 2166              	.LCFI15:
 2167              		.cfi_def_cfa 11, 4
 2168 018c 08D04DE2 		sub	sp, sp, #8
 2169 0190 10000BE5 		str	r0, [fp, #-16]
  69:../led.c      **** 	led_state = LedStatus;
 2170              		.loc 1 69 0
 2171 0194 94309FE5 		ldr	r3, .L23
 2172 0198 10201BE5 		ldr	r2, [fp, #-16]
 2173 019c 002083E5 		str	r2, [r3, #0]
  70:../led.c      **** 
  71:../led.c      **** 	if ((LedStatus & 0x01) == 0x01)
 2174              		.loc 1 71 0
 2175 01a0 10301BE5 		ldr	r3, [fp, #-16]
 2176 01a4 013003E2 		and	r3, r3, #1
 2177 01a8 FF3003E2 		and	r3, r3, #255
 2178 01ac 000053E3 		cmp	r3, #0
 2179 01b0 0600000A 		beq	.L19
  72:../led.c      **** 		rPDATB = rPDATB & 0x5ff; /* poner a 0 el bit 9 del puerto B */
 2180              		.loc 1 72 0
 2181 01b4 78209FE5 		ldr	r2, .L23+4
 2182 01b8 74309FE5 		ldr	r3, .L23+4
 2183 01bc 001093E5 		ldr	r1, [r3, #0]
 2184 01c0 70309FE5 		ldr	r3, .L23+8
 2185 01c4 033001E0 		and	r3, r1, r3
 2186 01c8 003082E5 		str	r3, [r2, #0]
 2187 01cc 040000EA 		b	.L20
 2188              	.L19:
  73:../led.c      **** 	else
  74:../led.c      **** 		rPDATB = rPDATB | 0x200; /* poner a 1 el bit 9 del puerto B */
 2189              		.loc 1 74 0
 2190 01d0 5C309FE5 		ldr	r3, .L23+4
 2191 01d4 58209FE5 		ldr	r2, .L23+4
 2192 01d8 002092E5 		ldr	r2, [r2, #0]
 2193 01dc 022C82E3 		orr	r2, r2, #512
 2194 01e0 002083E5 		str	r2, [r3, #0]
 2195              	.L20:
  75:../led.c      **** 
  76:../led.c      **** 	if ((LedStatus & 0x02) == 0x02)
 2196              		.loc 1 76 0
 2197 01e4 10301BE5 		ldr	r3, [fp, #-16]
 2198 01e8 023003E2 		and	r3, r3, #2
 2199 01ec 000053E3 		cmp	r3, #0
 2200 01f0 0600000A 		beq	.L21
  77:../led.c      **** 		rPDATB = rPDATB & 0x3ff; /* poner a 0 el bit 10 del puerto B */
 2201              		.loc 1 77 0
 2202 01f4 38209FE5 		ldr	r2, .L23+4
 2203 01f8 34309FE5 		ldr	r3, .L23+4
 2204 01fc 003093E5 		ldr	r3, [r3, #0]
 2205 0200 033BA0E1 		mov	r3, r3, asl #22
 2206 0204 233BA0E1 		mov	r3, r3, lsr #22
 2207 0208 003082E5 		str	r3, [r2, #0]
 2208 020c 040000EA 		b	.L18
 2209              	.L21:
  78:../led.c      **** 	else
  79:../led.c      **** 		rPDATB = rPDATB | 0x400; /* poner a 1 el bit 10 del puerto B */
 2210              		.loc 1 79 0
 2211 0210 1C309FE5 		ldr	r3, .L23+4
 2212 0214 18209FE5 		ldr	r2, .L23+4
 2213 0218 002092E5 		ldr	r2, [r2, #0]
 2214 021c 012B82E3 		orr	r2, r2, #1024
 2215 0220 002083E5 		str	r2, [r3, #0]
 2216              	.L18:
  80:../led.c      **** }
 2217              		.loc 1 80 0
 2218 0224 0CD04BE2 		sub	sp, fp, #12
 2219 0228 00689DE8 		ldmfd	sp, {fp, sp, lr}
 2220 022c 1EFF2FE1 		bx	lr
 2221              	.L24:
 2222              		.align	2
 2223              	.L23:
 2224 0230 00000000 		.word	led_state
 2225 0234 0C00D201 		.word	30539788
 2226 0238 FF050000 		.word	1535
 2227              		.cfi_endproc
 2228              	.LFE7:
 2230              	.Letext0:
DEFINED SYMBOLS
                            *ABS*:00000000 led.c
C:\Users\TEMP\AppData\Local\Temp\ccuNpnNx.s:1874   .bss:00000000 $d
C:\Users\TEMP\AppData\Local\Temp\ccuNpnNx.s:1875   .bss:00000000 led_state
C:\Users\TEMP\AppData\Local\Temp\ccuNpnNx.s:1878   .text:00000000 $a
C:\Users\TEMP\AppData\Local\Temp\ccuNpnNx.s:1881   .text:00000000 leds_on
C:\Users\TEMP\AppData\Local\Temp\ccuNpnNx.s:2151   .text:00000180 Led_Display
C:\Users\TEMP\AppData\Local\Temp\ccuNpnNx.s:1911   .text:00000020 leds_off
C:\Users\TEMP\AppData\Local\Temp\ccuNpnNx.s:1941   .text:00000040 led1_on
C:\Users\TEMP\AppData\Local\Temp\ccuNpnNx.s:1976   .text:0000007c $d
C:\Users\TEMP\AppData\Local\Temp\ccuNpnNx.s:1980   .text:00000080 $a
C:\Users\TEMP\AppData\Local\Temp\ccuNpnNx.s:1983   .text:00000080 led1_off
C:\Users\TEMP\AppData\Local\Temp\ccuNpnNx.s:2018   .text:000000bc $d
C:\Users\TEMP\AppData\Local\Temp\ccuNpnNx.s:2022   .text:000000c0 $a
C:\Users\TEMP\AppData\Local\Temp\ccuNpnNx.s:2025   .text:000000c0 led2_on
C:\Users\TEMP\AppData\Local\Temp\ccuNpnNx.s:2060   .text:000000fc $d
C:\Users\TEMP\AppData\Local\Temp\ccuNpnNx.s:2064   .text:00000100 $a
C:\Users\TEMP\AppData\Local\Temp\ccuNpnNx.s:2067   .text:00000100 led2_off
C:\Users\TEMP\AppData\Local\Temp\ccuNpnNx.s:2102   .text:0000013c $d
C:\Users\TEMP\AppData\Local\Temp\ccuNpnNx.s:2106   .text:00000140 $a
C:\Users\TEMP\AppData\Local\Temp\ccuNpnNx.s:2109   .text:00000140 leds_switch
C:\Users\TEMP\AppData\Local\Temp\ccuNpnNx.s:2144   .text:0000017c $d
C:\Users\TEMP\AppData\Local\Temp\ccuNpnNx.s:2148   .text:00000180 $a
C:\Users\TEMP\AppData\Local\Temp\ccuNpnNx.s:2224   .text:00000230 $d
                     .debug_frame:00000010 $d

NO UNDEFINED SYMBOLS
